[2025-02-06 19:10:51,763] INFO - Connecting to MongoDB Atlas
[2025-02-06 19:10:52,432] INFO - Fetching stock market data from MarketStack API
[2025-02-06 19:10:52,852] INFO - Successfully fetched 100 records from MarketStack API
[2025-02-06 19:10:53,311] ERROR - Error connecting to MongoDB Atlas: bad auth : authentication failed, full error: {'ok': 0, 'errmsg': 'bad auth : authentication failed', 'code': 8000, 'codeName': 'AtlasError'}
[2025-02-06 19:13:12,007] INFO - Connecting to MongoDB Atlas
[2025-02-06 19:13:12,207] INFO - Fetching stock market data from MarketStack API
[2025-02-06 19:13:12,603] INFO - Successfully fetched 100 records from MarketStack API
[2025-02-06 19:13:13,050] ERROR - Error connecting to MongoDB Atlas: bad auth : authentication failed, full error: {'ok': 0, 'errmsg': 'bad auth : authentication failed', 'code': 8000, 'codeName': 'AtlasError'}
[2025-02-06 19:17:31,777] INFO - Connecting to MongoDB Atlas
[2025-02-06 19:17:32,021] INFO - Fetching stock market data from MarketStack API
[2025-02-06 19:17:32,441] INFO - Successfully fetched 100 records from MarketStack API
[2025-02-06 19:17:32,896] ERROR - Error connecting to MongoDB Atlas: bad auth : authentication failed, full error: {'ok': 0, 'errmsg': 'bad auth : authentication failed', 'code': 8000, 'codeName': 'AtlasError'}
[2025-02-06 19:22:39,566] INFO - Connecting to MongoDB Atlas
[2025-02-06 19:22:39,810] INFO - Fetching stock market data from MarketStack API
[2025-02-06 19:22:40,240] INFO - Successfully fetched 100 records from MarketStack API
[2025-02-06 19:22:40,689] ERROR - Error connecting to MongoDB Atlas: bad auth : authentication failed, full error: {'ok': 0, 'errmsg': 'bad auth : authentication failed', 'code': 8000, 'codeName': 'AtlasError'}
[2025-02-06 19:24:51,266] INFO - Connecting to MongoDB Atlas
[2025-02-06 19:24:51,475] INFO - Fetching stock market data from MarketStack API
[2025-02-06 19:24:51,922] INFO - Successfully fetched 100 records from MarketStack API
[2025-02-06 19:24:52,838] INFO - Inserted 100 records into MongoDB Atlas
[2025-02-06 19:24:52,839] INFO - MongoDB Atlas storage process completed
